2026-02-20T18:44:03.507610+00:00 accepted delivery_id=200c66d0-0e8c-11f1-917f-d83d6213b569 run_id=run-a7c4842b08d3 repo=arsalansiddique1/Scottish-Power-Take-Home pr=4 action=opened
2026-02-20T18:44:03.521167+00:00 start delivery_id=200c66d0-0e8c-11f1-917f-d83d6213b569 run_id=run-a7c4842b08d3 repo=arsalansiddique1/Scottish-Power-Take-Home pr=4 action=opened
2026-02-20T18:46:11.020829+00:00 accepted delivery_id=6c031e30-0e8c-11f1-8635-de3228a59a0c run_id=run-32a380c4c89c repo=arsalansiddique1/Scottish-Power-Take-Home pr=4 action=synchronize
2026-02-20T18:46:11.024367+00:00 start delivery_id=6c031e30-0e8c-11f1-8635-de3228a59a0c run_id=run-32a380c4c89c repo=arsalansiddique1/Scottish-Power-Take-Home pr=4 action=synchronize
2026-02-20T18:46:12.700637+00:00 accepted delivery_id=6d088040-0e8c-11f1-9660-48b23efea6f8 run_id=run-953f6c934d82 repo=arsalansiddique1/Scottish-Power-Take-Home pr=4 action=synchronize
2026-02-20T18:46:12.703672+00:00 start delivery_id=6d088040-0e8c-11f1-9660-48b23efea6f8 run_id=run-953f6c934d82 repo=arsalansiddique1/Scottish-Power-Take-Home pr=4 action=synchronize
2026-02-20T18:46:14.262623+00:00 accepted delivery_id=6e0508b0-0e8c-11f1-8738-91e0dab83227 run_id=run-ef7ff4abe5d2 repo=arsalansiddique1/Scottish-Power-Take-Home pr=4 action=synchronize
2026-02-20T18:46:14.265491+00:00 start delivery_id=6e0508b0-0e8c-11f1-8738-91e0dab83227 run_id=run-ef7ff4abe5d2 repo=arsalansiddique1/Scottish-Power-Take-Home pr=4 action=synchronize
2026-02-20T18:46:15.415906+00:00 accepted delivery_id=6e925490-0e8c-11f1-80e8-1b8fd9fbb996 run_id=run-acd9aa9f04a3 repo=arsalansiddique1/Scottish-Power-Take-Home pr=4 action=synchronize
2026-02-20T18:46:15.418358+00:00 start delivery_id=6e925490-0e8c-11f1-80e8-1b8fd9fbb996 run_id=run-acd9aa9f04a3 repo=arsalansiddique1/Scottish-Power-Take-Home pr=4 action=synchronize
2026-02-20T18:46:15.932024+00:00 result delivery_id=200c66d0-0e8c-11f1-917f-d83d6213b569 run_id=run-a7c4842b08d3 findings=15 comments=15
2026-02-20T18:46:15.933023+00:00 success delivery_id=200c66d0-0e8c-11f1-917f-d83d6213b569 findings=15 comments=15
2026-02-20T18:48:37.357008+00:00 error delivery_id=6d088040-0e8c-11f1-9660-48b23efea6f8 error=Validation Failed: 422 {"message": "Validation Failed", "errors": [{"resource": "PullRequestReviewComment", "code": "custom", "field": "pull_request_review_thread.line", "message": "could not be resolved"}], "documentation_url": "https://docs.github.com/rest/pulls/comments#create-a-review-comment-for-a-pull-request", "status": "422"}
2026-02-20T18:48:44.084335+00:00 result delivery_id=6e925490-0e8c-11f1-80e8-1b8fd9fbb996 run_id=run-acd9aa9f04a3 findings=9 comments=9
2026-02-20T18:48:44.085954+00:00 success delivery_id=6e925490-0e8c-11f1-80e8-1b8fd9fbb996 findings=9 comments=9
2026-02-20T18:49:08.987885+00:00 result delivery_id=6c031e30-0e8c-11f1-8635-de3228a59a0c run_id=run-32a380c4c89c findings=15 comments=14
2026-02-20T18:49:08.989886+00:00 success delivery_id=6c031e30-0e8c-11f1-8635-de3228a59a0c findings=15 comments=14
2026-02-20T18:49:09.717420+00:00 result delivery_id=6e0508b0-0e8c-11f1-8738-91e0dab83227 run_id=run-ef7ff4abe5d2 findings=13 comments=12
2026-02-20T18:49:09.718230+00:00 success delivery_id=6e0508b0-0e8c-11f1-8738-91e0dab83227 findings=13 comments=12
2026-02-20T19:00:41.752138+00:00 accepted delivery_id=730c0af0-0e8e-11f1-939e-4fdf035fc0c7 run_id=run-a2ba9ac7c2be repo=arsalansiddique1/Scottish-Power-Take-Home pr=5 action=opened
2026-02-20T19:00:41.764011+00:00 start delivery_id=730c0af0-0e8e-11f1-939e-4fdf035fc0c7 run_id=run-a2ba9ac7c2be repo=arsalansiddique1/Scottish-Power-Take-Home pr=5 action=opened
2026-02-20T19:02:26.338806+00:00 result delivery_id=730c0af0-0e8e-11f1-939e-4fdf035fc0c7 run_id=run-a2ba9ac7c2be findings=10 comments=10
2026-02-20T19:02:26.339804+00:00 success delivery_id=730c0af0-0e8e-11f1-939e-4fdf035fc0c7 findings=10 comments=10
